<?xml version="1.0" encoding="UTF-8"?>
<testng-results ignored="0" total="4" passed="4" failed="0" skipped="0">
  <reporter-output>
  </reporter-output>
  <suite started-at="2022-02-07T18:28:51 IST" name="Default suite" finished-at="2022-02-07T18:29:15 IST" duration-ms="23248">
    <groups>
    </groups>
    <test started-at="2022-02-07T18:28:51 IST" name="Default test" finished-at="2022-02-07T18:29:15 IST" duration-ms="23248">
      <class name="dataProvider.DataProvider1">
        <test-method is-config="true" signature="setup()[pri:0, instance:dataProvider.DataProvider1@4dbb42b7]" started-at="2022-02-07T18:28:51 IST" name="setup" finished-at="2022-02-07T18:28:56 IST" duration-ms="4525" status="PASS">
          <reporter-output>
          </reporter-output>
        </test-method> <!-- setup -->
        <test-method signature="loginTest(java.lang.String,java.lang.String)[pri:0, instance:dataProvider.DataProvider1@4dbb42b7]" started-at="2022-02-07T18:28:56 IST" name="loginTest" data-provider="LoginData" finished-at="2022-02-07T18:29:08 IST" duration-ms="11965" status="PASS">
          <params>
            <param index="0">
              <value>
                <![CDATA[admin]]>
              </value>
            </param>
            <param index="1">
              <value>
                <![CDATA[admin]]>
              </value>
            </param>
          </params>
          <reporter-output>
          </reporter-output>
        </test-method> <!-- loginTest -->
        <test-method signature="loginTest(java.lang.String,java.lang.String)[pri:0, instance:dataProvider.DataProvider1@4dbb42b7]" started-at="2022-02-07T18:29:08 IST" name="loginTest" data-provider="LoginData" finished-at="2022-02-07T18:29:10 IST" duration-ms="1790" status="PASS">
          <params>
            <param index="0">
              <value>
                <![CDATA[admin]]>
              </value>
            </param>
            <param index="1">
              <value>
                <![CDATA[admi]]>
              </value>
            </param>
          </params>
          <reporter-output>
          </reporter-output>
        </test-method> <!-- loginTest -->
        <test-method signature="loginTest(java.lang.String,java.lang.String)[pri:0, instance:dataProvider.DataProvider1@4dbb42b7]" started-at="2022-02-07T18:29:10 IST" name="loginTest" data-provider="LoginData" finished-at="2022-02-07T18:29:12 IST" duration-ms="2152" status="PASS">
          <params>
            <param index="0">
              <value>
                <![CDATA[admin]]>
              </value>
            </param>
            <param index="1">
              <value>
                <![CDATA[admn]]>
              </value>
            </param>
          </params>
          <reporter-output>
          </reporter-output>
        </test-method> <!-- loginTest -->
        <test-method signature="loginTest(java.lang.String,java.lang.String)[pri:0, instance:dataProvider.DataProvider1@4dbb42b7]" started-at="2022-02-07T18:29:12 IST" name="loginTest" data-provider="LoginData" finished-at="2022-02-07T18:29:14 IST" duration-ms="2561" status="PASS">
          <params>
            <param index="0">
              <value>
                <![CDATA[admin]]>
              </value>
            </param>
            <param index="1">
              <value>
                <![CDATA[amin]]>
              </value>
            </param>
          </params>
          <reporter-output>
          </reporter-output>
        </test-method> <!-- loginTest -->
        <test-method is-config="true" signature="tearDown()[pri:0, instance:dataProvider.DataProvider1@4dbb42b7]" started-at="2022-02-07T18:29:14 IST" name="tearDown" finished-at="2022-02-07T18:29:15 IST" duration-ms="169" status="PASS">
          <reporter-output>
          </reporter-output>
        </test-method> <!-- tearDown -->
      </class> <!-- dataProvider.DataProvider1 -->
    </test> <!-- Default test -->
  </suite> <!-- Default suite -->
</testng-results>
