<?xml version="1.0" encoding="UTF-8"?>
<!-- Generated by org.testng.reporters.JUnitXMLReporter -->
<testsuite ignored="0" hostname="JAMESBOND007" failures="0" tests="4" name="Default test" time="23.248" errors="0" timestamp="2022-02-07T18:29:15 IST">
  <testcase classname="dataProvider.DataProvider1" name="loginTest" time="11.965"/>
  <testcase classname="dataProvider.DataProvider1" name="loginTest" time="1.79"/>
  <testcase classname="dataProvider.DataProvider1" name="loginTest" time="2.152"/>
  <testcase classname="dataProvider.DataProvider1" name="loginTest" time="2.561"/>
</testsuite> <!-- Default test -->
